set -o pipefail; /usr/bin/mariadb-dump --user=_945d883f2584a637 --host=127.0.0.1 --port=3306 --password=********** --single-transaction --quick --lock-tables=false _945d883f2584a637 | /usr/bin/gzip >> ./gfm.com/private/backups/20241009_120003-gfm_com-database.sql.gz

Backup Summary for gfm.com at 2024-10-09 12:00:06.413867
Config  : /home/vineel/development/frappeapp/frappegfm/sites/gfm.com/private/backups/20241009_120003-gfm_com-site_config_backup.json 127.0B
Database: /home/vineel/development/frappeapp/frappegfm/sites/gfm.com/private/backups/20241009_120003-gfm_com-database.sql.gz 224.2KiB
Backup for Site gfm.com has been successfully completed
set -o pipefail; /usr/bin/mariadb-dump --user=_945d883f2584a637 --host=127.0.0.1 --port=3306 --password=********** --single-transaction --quick --lock-tables=false _945d883f2584a637 | /usr/bin/gzip >> ./gfm.com/private/backups/20241010_180007-gfm_com-database.sql.gz

Backup Summary for gfm.com at 2024-10-10 18:00:12.522431
Config  : /home/vineel/development/frappeapp/frappegfm/sites/gfm.com/private/backups/20241010_180007-gfm_com-site_config_backup.json 127.0B
Database: /home/vineel/development/frappeapp/frappegfm/sites/gfm.com/private/backups/20241010_180007-gfm_com-database.sql.gz 230.1KiB
Backup for Site gfm.com has been successfully completed
set -o pipefail; /usr/bin/mariadb-dump --user=_23733a240f1b7e66 --host=127.0.0.1 --port=3306 --password=********** --single-transaction --quick --lock-tables=false _23733a240f1b7e66 | /usr/bin/gzip >> ./ecom.localhost/private/backups/20241013_120003-ecom_localhost-database.sql.gz

Backup Summary for ecom.localhost at 2024-10-13 12:00:12.437099
Config  : /home/vineel/development/frappeapp/frappegfm/sites/ecom.localhost/private/backups/20241013_120003-ecom_localhost-site_config_backup.json 127.0B
Database: /home/vineel/development/frappeapp/frappegfm/sites/ecom.localhost/private/backups/20241013_120003-ecom_localhost-database.sql.gz 218.1KiB
Backup for Site ecom.localhost has been successfully completed
File ./gfm.com/private/backups/20241010_180007-gfm_com-site_config_backup.json is older than 24 hours
File ./gfm.com/private/backups/20241010_180007-gfm_com-database.sql.gz is older than 24 hours
set -o pipefail; /usr/bin/mariadb-dump --user=_945d883f2584a637 --host=127.0.0.1 --port=3306 --password=********** --single-transaction --quick --lock-tables=false _945d883f2584a637 | /usr/bin/gzip >> ./gfm.com/private/backups/20241013_120012-gfm_com-database.sql.gz

Backup Summary for gfm.com at 2024-10-13 12:00:17.385053
Config  : /home/vineel/development/frappeapp/frappegfm/sites/gfm.com/private/backups/20241013_120012-gfm_com-site_config_backup.json 127.0B
Database: /home/vineel/development/frappeapp/frappegfm/sites/gfm.com/private/backups/20241013_120012-gfm_com-database.sql.gz 232.5KiB
Backup for Site gfm.com has been successfully completed
