2024-10-09 06:22:01,033 ERROR scheduler Skipped queueing frappe.integrations.doctype.dropbox_settings.dropbox_settings.take_backups_daily because it was found in queue for gfm.com
2024-10-09 06:22:01,094 ERROR scheduler Skipped queueing frappe.integrations.doctype.google_drive.google_drive.daily_backup because it was found in queue for gfm.com
2024-10-10 09:38:00,611 ERROR scheduler Skipped queueing frappe.monitor.flush because it was found in queue for gfm.com
2024-10-10 09:38:00,904 ERROR scheduler Skipped queueing frappe.automation.doctype.reminder.reminder.send_reminders because it was found in queue for gfm.com
2024-10-10 09:38:00,999 ERROR scheduler Skipped queueing frappe.email.queue.flush because it was found in queue for gfm.com
2024-10-10 09:38:01,023 ERROR scheduler Skipped queueing frappe.email.doctype.notification.notification.trigger_offset_alerts because it was found in queue for gfm.com
2024-10-10 09:42:00,588 ERROR scheduler Skipped queueing frappe.automation.doctype.reminder.reminder.send_reminders because it was found in queue for gfm.com
2024-10-10 09:42:00,612 ERROR scheduler Skipped queueing frappe.email.doctype.notification.notification.trigger_offset_alerts because it was found in queue for gfm.com
2024-10-10 09:42:00,635 ERROR scheduler Skipped queueing frappe.email.doctype.email_account.email_account.pull because it was found in queue for gfm.com
2024-10-10 09:45:59,708 ERROR scheduler Skipped queueing frappe.monitor.flush because it was found in queue for gfm.com
2024-10-10 09:45:59,737 ERROR scheduler Skipped queueing frappe.email.doctype.notification.notification.trigger_offset_alerts because it was found in queue for gfm.com
2024-10-10 09:46:00,955 ERROR scheduler Skipped queueing frappe.email.doctype.notification.notification.trigger_offset_alerts because it was found in queue for gfm.com
2024-10-10 10:01:59,420 ERROR scheduler Skipped queueing frappe.website.doctype.web_page.web_page.check_publish_status because it was found in queue for gfm.com
2024-10-10 10:01:59,475 ERROR scheduler Skipped queueing frappe.deferred_insert.save_to_db because it was found in queue for gfm.com
2024-10-10 10:01:59,522 ERROR scheduler Skipped queueing frappe.monitor.flush because it was found in queue for gfm.com
2024-10-10 10:01:59,529 ERROR scheduler Skipped queueing frappe.model.utils.link_count.update_link_count because it was found in queue for gfm.com
2024-10-10 10:01:59,625 ERROR scheduler Skipped queueing frappe.integrations.doctype.google_calendar.google_calendar.sync because it was found in queue for gfm.com
2024-10-10 10:02:00,780 ERROR scheduler Skipped queueing frappe.model.utils.link_count.update_link_count because it was found in queue for gfm.com
2024-10-10 10:02:00,814 ERROR scheduler Skipped queueing frappe.deferred_insert.save_to_db because it was found in queue for gfm.com
2024-10-10 10:02:00,960 ERROR scheduler Skipped queueing frappe.integrations.doctype.google_calendar.google_calendar.sync because it was found in queue for gfm.com
2024-10-10 10:02:01,000 ERROR scheduler Skipped queueing frappe.website.doctype.web_page.web_page.check_publish_status because it was found in queue for gfm.com
2024-10-13 14:58:01,161 ERROR scheduler Skipped queueing frappe.monitor.flush because it was found in queue for gfm.com
2024-10-13 15:01:59,207 ERROR scheduler Skipped queueing frappe.deferred_insert.save_to_db because it was found in queue for gfm.com
2024-10-13 15:01:59,213 ERROR scheduler Skipped queueing frappe.desk.form.document_follow.send_hourly_updates because it was found in queue for gfm.com
2024-10-13 15:01:59,216 ERROR scheduler Skipped queueing frappe.email.queue.flush because it was found in queue for gfm.com
2024-10-13 15:01:59,221 ERROR scheduler Skipped queueing frappe.email.doctype.notification.notification.trigger_offset_alerts because it was found in queue for gfm.com
2024-10-13 15:01:59,226 ERROR scheduler Skipped queueing frappe.website.doctype.personal_data_deletion_request.personal_data_deletion_request.process_data_deletion_request because it was found in queue for gfm.com
2024-10-13 15:01:59,232 ERROR scheduler Skipped queueing frappe.model.utils.link_count.update_link_count because it was found in queue for gfm.com
2024-10-13 15:01:59,243 ERROR scheduler Skipped queueing frappe.email.doctype.newsletter.newsletter.send_scheduled_email because it was found in queue for gfm.com
2024-10-13 15:01:59,249 ERROR scheduler Skipped queueing frappe.email.doctype.email_account.email_account.pull because it was found in queue for gfm.com
2024-10-13 15:01:59,254 ERROR scheduler Skipped queueing frappe.utils.global_search.sync_global_search because it was found in queue for gfm.com
2024-10-13 15:01:59,275 ERROR scheduler Skipped queueing frappe.integrations.doctype.google_calendar.google_calendar.sync because it was found in queue for gfm.com
2024-10-13 15:01:59,278 ERROR scheduler Skipped queueing frappe.model.utils.user_settings.sync_user_settings because it was found in queue for gfm.com
2024-10-13 15:01:59,284 ERROR scheduler Skipped queueing frappe.email.doctype.email_account.email_account.notify_unreplied because it was found in queue for gfm.com
2024-10-13 15:01:59,291 ERROR scheduler Skipped queueing frappe.website.doctype.web_page.web_page.check_publish_status because it was found in queue for gfm.com
2024-10-13 15:01:59,294 ERROR scheduler Skipped queueing frappe.desk.page.backups.backups.delete_downloadable_backups because it was found in queue for gfm.com
2024-10-13 15:02:00,456 ERROR scheduler Skipped queueing frappe.model.utils.user_settings.sync_user_settings because it was found in queue for gfm.com
2024-10-13 15:02:00,464 ERROR scheduler Skipped queueing frappe.desk.page.backups.backups.delete_downloadable_backups because it was found in queue for gfm.com
2024-10-13 15:02:00,467 ERROR scheduler Skipped queueing frappe.email.doctype.email_account.email_account.notify_unreplied because it was found in queue for gfm.com
2024-10-13 15:02:00,474 ERROR scheduler Skipped queueing frappe.email.queue.flush because it was found in queue for gfm.com
2024-10-13 15:02:00,486 ERROR scheduler Skipped queueing frappe.email.doctype.email_account.email_account.pull because it was found in queue for gfm.com
2024-10-13 15:02:00,527 ERROR scheduler Skipped queueing frappe.email.doctype.newsletter.newsletter.send_scheduled_email because it was found in queue for gfm.com
2024-10-13 15:02:00,539 ERROR scheduler Skipped queueing frappe.website.doctype.personal_data_deletion_request.personal_data_deletion_request.process_data_deletion_request because it was found in queue for gfm.com
2024-10-13 15:02:00,550 ERROR scheduler Skipped queueing frappe.email.doctype.notification.notification.trigger_offset_alerts because it was found in queue for gfm.com
2024-10-13 15:02:00,560 ERROR scheduler Skipped queueing frappe.integrations.doctype.google_calendar.google_calendar.sync because it was found in queue for gfm.com
2024-10-13 15:02:00,563 ERROR scheduler Skipped queueing frappe.website.doctype.web_page.web_page.check_publish_status because it was found in queue for gfm.com
2024-10-13 16:01:58,794 ERROR scheduler Skipped queueing frappe.integrations.doctype.google_calendar.google_calendar.sync because it was found in queue for gfm.com
2024-10-13 16:01:58,810 ERROR scheduler Skipped queueing frappe.email.doctype.email_account.email_account.notify_unreplied because it was found in queue for gfm.com
2024-10-13 16:01:58,814 ERROR scheduler Skipped queueing frappe.twofactor.delete_all_barcodes_for_users because it was found in queue for gfm.com
2024-10-13 16:01:58,851 ERROR scheduler Skipped queueing frappe.email.doctype.newsletter.newsletter.send_scheduled_email because it was found in queue for gfm.com
2024-10-13 16:01:58,867 ERROR scheduler Skipped queueing frappe.utils.global_search.sync_global_search because it was found in queue for gfm.com
2024-10-13 16:01:58,871 ERROR scheduler Skipped queueing frappe.automation.doctype.reminder.reminder.send_reminders because it was found in queue for gfm.com
2024-10-13 16:01:58,874 ERROR scheduler Skipped queueing frappe.email.doctype.email_account.email_account.pull because it was found in queue for gfm.com
2024-10-13 16:01:58,881 ERROR scheduler Skipped queueing frappe.website.doctype.web_page.web_page.check_publish_status because it was found in queue for gfm.com
2024-10-13 16:01:58,906 ERROR scheduler Skipped queueing frappe.model.utils.user_settings.sync_user_settings because it was found in queue for gfm.com
2024-10-13 16:01:58,919 ERROR scheduler Skipped queueing frappe.monitor.flush because it was found in queue for gfm.com
2024-10-13 16:02:00,954 ERROR scheduler Skipped queueing frappe.integrations.doctype.google_calendar.google_calendar.sync because it was found in queue for gfm.com
2024-10-13 16:02:00,979 ERROR scheduler Skipped queueing frappe.monitor.flush because it was found in queue for gfm.com
2024-10-13 16:02:00,993 ERROR scheduler Skipped queueing frappe.automation.doctype.reminder.reminder.send_reminders because it was found in queue for gfm.com
2024-10-13 16:02:01,001 ERROR scheduler Skipped queueing frappe.model.utils.user_settings.sync_user_settings because it was found in queue for gfm.com
2024-10-13 16:02:01,005 ERROR scheduler Skipped queueing frappe.email.doctype.email_account.email_account.pull because it was found in queue for gfm.com
2024-10-13 17:01:59,538 ERROR scheduler Skipped queueing frappe.email.doctype.newsletter.newsletter.send_scheduled_email because it was found in queue for ecom.localhost
2024-10-13 17:01:59,572 ERROR scheduler Skipped queueing frappe.twofactor.delete_all_barcodes_for_users because it was found in queue for ecom.localhost
2024-10-13 17:01:59,582 ERROR scheduler Skipped queueing frappe.oauth.delete_oauth2_data because it was found in queue for ecom.localhost
2024-10-13 17:01:59,596 ERROR scheduler Skipped queueing frappe.utils.global_search.sync_global_search because it was found in queue for ecom.localhost
2024-10-13 17:01:59,614 ERROR scheduler Skipped queueing frappe.model.utils.user_settings.sync_user_settings because it was found in queue for ecom.localhost
2024-10-13 17:01:59,622 ERROR scheduler Skipped queueing frappe.desk.form.document_follow.send_hourly_updates because it was found in queue for ecom.localhost
2024-10-13 17:02:00,812 ERROR scheduler Skipped queueing frappe.desk.form.document_follow.send_hourly_updates because it was found in queue for ecom.localhost
2024-10-13 17:02:00,834 ERROR scheduler Skipped queueing frappe.oauth.delete_oauth2_data because it was found in queue for ecom.localhost
